# JRE version: Java(TM) SE Runtime Environment (8.0_60-b27) (build 1.8.0_60-b27)
# Java VM: Java HotSpot(TM) 64-Bit Server VM (25.60-b23 mixed mode windows-amd64 compressed oops)
Heap:
 PSYoungGen      total 281088K, used 121213K [0x00000000e0000000, 0x00000000f5b80000, 0x0000000100000000)
  eden space 267264K, 40% used [0x00000000e0000000,0x00000000e68e42f8,0x00000000f0500000)
  from space 13824K, 99% used [0x00000000f4e00000,0x00000000f5b7b128,0x00000000f5b80000)
  to   space 35840K, 0% used [0x00000000f1580000,0x00000000f1580000,0x00000000f3880000)
 ParOldGen       total 199168K, used 79968K [0x00000000a0000000, 0x00000000ac280000, 0x00000000e0000000)
  object space 199168K, 40% used [0x00000000a0000000,0x00000000a4e183b8,0x00000000ac280000)
 Metaspace       used 78128K, capacity 81246K, committed 81556K, reserved 1120256K
  class space    used 10172K, capacity 10812K, committed 10900K, reserved 1048576K
GC Heap History (10 events):
Event: 1516.353 GC heap before
{Heap before GC invocations=29 (full 3):
 PSYoungGen      total 333312K, used 333294K [0x00000000e0000000, 0x00000000f8f80000, 0x0000000100000000)
  eden space 314368K, 100% used [0x00000000e0000000,0x00000000f3300000,0x00000000f3300000)
  from space 18944K, 99% used [0x00000000f3300000,0x00000000f457bbf8,0x00000000f4580000)
  to   space 28672K, 0% used [0x00000000f7380000,0x00000000f7380000,0x00000000f8f80000)
 ParOldGen       total 199168K, used 59219K [0x00000000a0000000, 0x00000000ac280000, 0x00000000e0000000)
  object space 199168K, 29% used [0x00000000a0000000,0x00000000a39d4d08,0x00000000ac280000)
 Metaspace       used 66939K, capacity 69480K, committed 69524K, reserved 1110016K
  class space    used 8837K, capacity 9353K, committed 9364K, reserved 1048576K
Event: 1516.377 GC heap after
Heap after GC invocations=29 (full 3):
 PSYoungGen      total 325120K, used 20638K [0x00000000e0000000, 0x00000000f8800000, 0x0000000100000000)
  eden space 304128K, 0% used [0x00000000e0000000,0x00000000e0000000,0x00000000f2900000)
  from space 20992K, 98% used [0x00000000f7380000,0x00000000f87a7bc8,0x00000000f8800000)
  to   space 29696K, 0% used [0x00000000f4e00000,0x00000000f4e00000,0x00000000f6b00000)
 ParOldGen       total 199168K, used 59227K [0x00000000a0000000, 0x00000000ac280000, 0x00000000e0000000)
  object space 199168K, 29% used [0x00000000a0000000,0x00000000a39d6d08,0x00000000ac280000)
 Metaspace       used 66939K, capacity 69480K, committed 69524K, reserved 1110016K
  class space    used 8837K, capacity 9353K, committed 9364K, reserved 1048576K
}
Event: 1522.407 GC heap before
{Heap before GC invocations=30 (full 3):
 PSYoungGen      total 325120K, used 324766K [0x00000000e0000000, 0x00000000f8800000, 0x0000000100000000)
  eden space 304128K, 100% used [0x00000000e0000000,0x00000000f2900000,0x00000000f2900000)
  from space 20992K, 98% used [0x00000000f7380000,0x00000000f87a7bc8,0x00000000f8800000)
  to   space 29696K, 0% used [0x00000000f4e00000,0x00000000f4e00000,0x00000000f6b00000)
 ParOldGen       total 199168K, used 59227K [0x00000000a0000000, 0x00000000ac280000, 0x00000000e0000000)
  object space 199168K, 29% used [0x00000000a0000000,0x00000000a39d6d08,0x00000000ac280000)
 Metaspace       used 66939K, capacity 69480K, committed 69524K, reserved 1110016K
  class space    used 8837K, capacity 9353K, committed 9364K, reserved 1048576K
Event: 1522.426 GC heap after
Heap after GC invocations=30 (full 3):
 PSYoungGen      total 307712K, used 13072K [0x00000000e0000000, 0x00000000f7400000, 0x0000000100000000)
  eden space 294400K, 0% used [0x00000000e0000000,0x00000000e0000000,0x00000000f1f80000)
  from space 13312K, 98% used [0x00000000f4e00000,0x00000000f5ac4050,0x00000000f5b00000)
  to   space 25600K, 0% used [0x00000000f5b00000,0x00000000f5b00000,0x00000000f7400000)
 ParOldGen       total 199168K, used 59227K [0x00000000a0000000, 0x00000000ac280000, 0x00000000e0000000)
  object space 199168K, 29% used [0x00000000a0000000,0x00000000a39d6d08,0x00000000ac280000)
 Metaspace       used 66939K, capacity 69480K, committed 69524K, reserved 1110016K
  class space    used 8837K, capacity 9353K, committed 9364K, reserved 1048576K
}
Event: 1529.414 GC heap before
{Heap before GC invocations=31 (full 3):
 PSYoungGen      total 307712K, used 307472K [0x00000000e0000000, 0x00000000f7400000, 0x0000000100000000)
  eden space 294400K, 100% used [0x00000000e0000000,0x00000000f1f80000,0x00000000f1f80000)
  from space 13312K, 98% used [0x00000000f4e00000,0x00000000f5ac4050,0x00000000f5b00000)
  to   space 25600K, 0% used [0x00000000f5b00000,0x00000000f5b00000,0x00000000f7400000)
 ParOldGen       total 199168K, used 59227K [0x00000000a0000000, 0x00000000ac280000, 0x00000000e0000000)
  object space 199168K, 29% used [0x00000000a0000000,0x00000000a39d6d08,0x00000000ac280000)
 Metaspace       used 66956K, capacity 69544K, committed 69780K, reserved 1110016K
  class space    used 8837K, capacity 9353K, committed 9364K, reserved 1048576K
Event: 1529.432 GC heap after
Heap after GC invocations=31 (full 3):
 PSYoungGen      total 299008K, used 13408K [0x00000000e0000000, 0x00000000f6880000, 0x0000000100000000)
  eden space 285184K, 0% used [0x00000000e0000000,0x00000000e0000000,0x00000000f1680000)
  from space 13824K, 96% used [0x00000000f5b00000,0x00000000f6818020,0x00000000f6880000)
  to   space 27136K, 0% used [0x00000000f3380000,0x00000000f3380000,0x00000000f4e00000)
 ParOldGen       total 199168K, used 59227K [0x00000000a0000000, 0x00000000ac280000, 0x00000000e0000000)
  object space 199168K, 29% used [0x00000000a0000000,0x00000000a39d6d08,0x00000000ac280000)
 Metaspace       used 66956K, capacity 69544K, committed 69780K, reserved 1110016K
  class space    used 8837K, capacity 9353K, committed 9364K, reserved 1048576K
}
Event: 1547.793 GC heap before
{Heap before GC invocations=32 (full 3):
 PSYoungGen      total 299008K, used 298592K [0x00000000e0000000, 0x00000000f6880000, 0x0000000100000000)
  eden space 285184K, 100% used [0x00000000e0000000,0x00000000f1680000,0x00000000f1680000)
  from space 13824K, 96% used [0x00000000f5b00000,0x00000000f6818020,0x00000000f6880000)
  to   space 27136K, 0% used [0x00000000f3380000,0x00000000f3380000,0x00000000f4e00000)
 ParOldGen       total 199168K, used 59227K [0x00000000a0000000, 0x00000000ac280000, 0x00000000e0000000)
  object space 199168K, 29% used [0x00000000a0000000,0x00000000a39d6d08,0x00000000ac280000)
 Metaspace       used 75857K, capacity 78704K, committed 78868K, reserved 1118208K
  class space    used 9839K, capacity 10397K, committed 10516K, reserved 1048576K
Event: 1547.834 GC heap after
Heap after GC invocations=32 (full 3):
 PSYoungGen      total 303104K, used 27118K [0x00000000e0000000, 0x00000000f5b80000, 0x0000000100000000)
  eden space 275968K, 0% used [0x00000000e0000000,0x00000000e0000000,0x00000000f0d80000)
  from space 27136K, 99% used [0x00000000f3380000,0x00000000f4dfba58,0x00000000f4e00000)
  to   space 13824K, 0% used [0x00000000f4e00000,0x00000000f4e00000,0x00000000f5b80000)
 ParOldGen       total 199168K, used 67192K [0x00000000a0000000, 0x00000000ac280000, 0x00000000e0000000)
  object space 199168K, 33% used [0x00000000a0000000,0x00000000a419e1b8,0x00000000ac280000)
 Metaspace       used 75857K, capacity 78704K, committed 78868K, reserved 1118208K
  class space    used 9839K, capacity 10397K, committed 10516K, reserved 1048576K
}
Event: 1549.739 GC heap before
{Heap before GC invocations=33 (full 3):
 PSYoungGen      total 303104K, used 302829K [0x00000000e0000000, 0x00000000f5b80000, 0x0000000100000000)
  eden space 275968K, 99% used [0x00000000e0000000,0x00000000f0d3fc48,0x00000000f0d80000)
  from space 27136K, 99% used [0x00000000f3380000,0x00000000f4dfba58,0x00000000f4e00000)
  to   space 13824K, 0% used [0x00000000f4e00000,0x00000000f4e00000,0x00000000f5b80000)
 ParOldGen       total 199168K, used 67192K [0x00000000a0000000, 0x00000000ac280000, 0x00000000e0000000)
  object space 199168K, 33% used [0x00000000a0000000,0x00000000a419e1b8,0x00000000ac280000)
 Metaspace       used 77807K, capacity 80758K, committed 80916K, reserved 1120256K
  class space    used 10129K, capacity 10714K, committed 10772K, reserved 1048576K
Event: 1549.767 GC heap after
Heap after GC invocations=33 (full 3):
 PSYoungGen      total 281088K, used 13804K [0x00000000e0000000, 0x00000000f5b80000, 0x0000000100000000)
  eden space 267264K, 0% used [0x00000000e0000000,0x00000000e0000000,0x00000000f0500000)
  from space 13824K, 99% used [0x00000000f4e00000,0x00000000f5b7b128,0x00000000f5b80000)
  to   space 35840K, 0% used [0x00000000f1580000,0x00000000f1580000,0x00000000f3880000)
 ParOldGen       total 199168K, used 79968K [0x00000000a0000000, 0x00000000ac280000, 0x00000000e0000000)
  object space 199168K, 40% used [0x00000000a0000000,0x00000000a4e183b8,0x00000000ac280000)
 Metaspace       used 77807K, capacity 80758K, committed 80916K, reserved 1120256K
  class space    used 10129K, capacity 10714K, committed 10772K, reserved 1048576K
}

